[2012-07-30 23:16:08] Log opened
[2012-07-30 23:16:19] Loaded world info for world
[2012-07-30 23:16:19] Loaded world info for world_the_end
[2012-07-30 23:16:19] Loaded world info for world_nether
[2012-07-31 11:28:03] Log opened
[2012-07-31 11:28:06] Loaded world info for world
[2012-07-31 11:28:06] Loaded world info for world_the_end
[2012-07-31 11:28:06] Loaded world info for world_nether
[2012-07-31 14:36:53] Log opened
[2012-07-31 14:36:56] Loaded world info for world
[2012-07-31 14:36:56] Loaded world info for world_the_end
[2012-07-31 14:36:56] Loaded world info for world_nether
[2012-08-01 19:15:31] Log opened
[2012-08-01 19:15:33] Loaded world info for world
[2012-08-01 19:15:33] Loaded world info for world_the_end
[2012-08-01 19:15:33] Loaded world info for world_nether
[2012-08-01 21:39:49] Log opened
[2012-08-01 21:39:51] Loaded world info for world
[2012-08-01 21:39:51] Loaded world info for world_the_end
[2012-08-01 21:39:51] Loaded world info for world_nether
[2012-08-03 19:49:17] Log opened
[2012-08-03 19:49:30] Loaded world info for tekkit1
[2012-08-03 19:49:30] Loaded world info for tekkit1_the_end
[2012-08-03 19:49:30] Loaded world info for tekkit1_nether
[2012-08-04 07:56:18] Log opened
[2012-08-04 07:56:21] Loaded world info for tekkit1
[2012-08-04 07:56:21] Loaded world info for tekkit1_the_end
[2012-08-04 07:56:21] Loaded world info for tekkit1_nether
[2012-08-05 19:01:55] Log opened
[2012-08-05 19:01:58] Loaded world info for tekkit1
[2012-08-05 19:01:58] Loaded world info for tekkit1_the_end
[2012-08-05 19:01:58] Loaded world info for tekkit1_nether
[2012-08-06 09:34:48] Log opened
[2012-08-06 09:34:53] Loaded world info for tekkit1
[2012-08-06 09:34:53] Loaded world info for tekkit1_the_end
[2012-08-06 09:34:53] Loaded world info for tekkit1_nether
[2012-08-06 15:53:09] Log opened
[2012-08-06 15:53:20] Loaded world info for tekkit1
[2012-08-06 15:53:20] Loaded world info for tekkit1_the_end
[2012-08-06 15:53:20] Loaded world info for tekkit1_nether
[2012-08-06 19:21:45] Log opened
[2012-08-06 19:21:47] Loaded world info for tekkit1
[2012-08-06 19:21:47] Loaded world info for tekkit1_the_end
[2012-08-06 19:21:47] Loaded world info for tekkit1_nether
[2012-08-07 13:17:52] Log opened
[2012-08-07 13:17:55] Loaded world info for tekkit1
[2012-08-07 13:17:55] Loaded world info for tekkit1_the_end
[2012-08-07 13:17:55] Loaded world info for tekkit1_nether
[2012-08-07 14:43:33] Log opened
[2012-08-07 14:43:53] Loaded world info for tekkit1
[2012-08-07 14:43:53] Loaded world info for tekkit1_the_end
[2012-08-07 14:43:53] Loaded world info for tekkit1_nether
[2012-08-07 22:06:15] Log opened
[2012-08-07 22:06:19] Loaded world info for tekkit1
[2012-08-07 22:06:19] Loaded world info for tekkit1_the_end
[2012-08-07 22:06:19] Loaded world info for tekkit1_nether
[2012-08-08 14:33:06] Log opened
[2012-08-08 14:33:08] Loaded world info for tekkit1
[2012-08-08 14:33:08] Loaded world info for tekkit1_the_end
[2012-08-08 14:33:08] Loaded world info for tekkit1_nether
